<?xml version="1.0" encoding="UTF-8"?>
<!-- Generated by org.testng.reporters.JUnitReportReporter -->
<testsuite hostname="dell" name="testng111.draganddropby" tests="1" failures="0" timestamp="25 Oct 2016 06:56:54 GMT" time="38.657" errors="0">
  <testcase name="SetUp" time="38.657" classname="testng111.draganddropby"/>
</testsuite> <!-- testng111.draganddropby -->
