<?xml version="1.0" encoding="UTF-8"?>
<!-- Generated by org.testng.reporters.JUnitReportReporter -->
<testsuite hostname="dell" name="testng111.webtable" tests="1" failures="0" timestamp="4 Dec 2016 21:54:31 GMT" time="13.713" errors="0">
  <testcase name="SetIp" time="13.713" classname="testng111.webtable"/>
</testsuite> <!-- testng111.webtable -->
