<?xml version="1.0" encoding="UTF-8"?>
<!-- Generated by org.testng.reporters.JUnitReportReporter -->
<testsuite hostname="dell" name="testng111.irstcremote" tests="1" failures="0" timestamp="5 Nov 2016 18:40:30 GMT" time="198.515" errors="0">
  <testcase name="SetUp1" time="198.515" classname="testng111.irstcremote"/>
</testsuite> <!-- testng111.irstcremote -->
