<?xml version="1.0" encoding="UTF-8"?>
<!-- Generated by org.testng.reporters.JUnitReportReporter -->
<testsuite hostname="dell" name="testng111.navigbrowser" tests="1" failures="0" timestamp="5 Nov 2016 16:54:40 GMT" time="93.823" errors="0">
  <testcase name="SetUp1" time="93.823" classname="testng111.navigbrowser"/>
</testsuite> <!-- testng111.navigbrowser -->
