<?xml version="1.0" encoding="UTF-8"?>
<!-- Generated by org.testng.reporters.JUnitReportReporter -->
<testsuite hostname="dell" name="testng111.filedownload" tests="1" failures="0" timestamp="6 Dec 2016 23:26:10 GMT" time="15.804" errors="0">
  <testcase name="SetUp1" time="15.804" classname="testng111.filedownload"/>
</testsuite> <!-- testng111.filedownload -->
