<?xml version="1.0" encoding="UTF-8"?>
<!-- Generated by org.testng.reporters.JUnitReportReporter -->
<testsuite hostname="dell" name="testng111.poiexp" tests="1" failures="0" timestamp="6 Nov 2016 12:15:59 GMT" time="1.178" errors="0">
  <testcase name="dataExport" time="1.178" classname="testng111.poiexp"/>
</testsuite> <!-- testng111.poiexp -->
