<?xml version="1.0" encoding="UTF-8"?>
<!-- Generated by org.testng.reporters.JUnitReportReporter -->
<testsuite hostname="dell" name="testng.signin111$sign" tests="1" failures="0" timestamp="16 Sep 2016 01:32:43 GMT" time="27.256" errors="0">
  <testcase name="setUp1" time="27.256" classname="testng.signin111$sign"/>
</testsuite> <!-- testng.signin111$sign -->
