<?xml version="1.0" encoding="UTF-8"?>
<!-- Generated by org.testng.reporters.JUnitReportReporter -->
<testsuite hostname="dell" name="cycloscases.firstscenario" tests="1" failures="0" timestamp="15 Nov 2016 14:41:18 GMT" time="25.599" errors="0">
  <testcase name="Setup1" time="25.599" classname="cycloscases.firstscenario"/>
</testsuite> <!-- cycloscases.firstscenario -->
