<?xml version="1.0" encoding="UTF-8"?>
<!-- Generated by org.testng.reporters.JUnitReportReporter -->
<testsuite hostname="dell" name="testng111.draggable1" tests="1" failures="0" timestamp="25 Oct 2016 07:59:54 GMT" time="45.350" errors="0">
  <testcase name="SetUp" time="45.350" classname="testng111.draggable1"/>
</testsuite> <!-- testng111.draggable1 -->
