<?xml version="1.0" encoding="UTF-8"?>
<!-- Generated by org.testng.reporters.JUnitReportReporter -->
<testsuite hostname="dell" name="testng111.amazonlinks" tests="1" failures="0" timestamp="15 Nov 2016 15:23:32 GMT" time="108.493" errors="1">
  <testcase name="SetUp" time="108.493" classname="testng111.amazonlinks">
    <error type="org.openqa.selenium.NoSuchElementException" message="Unable to locate element: {&quot;method&quot;:&quot;link text&quot;,&quot;selector&quot;:&quot;Amazon\nTry Prime\nAll\nAll Categories\nAmazon Fashion\nAmazon Global Store\nAmazon Pantry\nAppliances\nBaby\nBeauty\nBooks\nCar &amp; Motorbike\nClothing &amp; Accessories\nComputers &amp; Accessories\nElectronics\nFurniture\nGarden &amp; Outdoors\nGift Cards\nGrocery &amp; Gourmet Foods\nHealth &amp; Personal Care\nHome &amp; Kitchen\nIndustrial &amp; Scientific\nJewellery\nKindle Store\nLuggage &amp; Bags\nLuxury Beauty\nMovies &amp; TV Shows\nMusic\nMusical Instruments\nOffice Products\nPet Supplies\nShoes &amp; Handbags\nSoftware\nSports, Fitness &amp; Outdoors\nToys &amp; Games\nVideo Games\nWatches\nGo\nShop by\nCategory\nHello. Sign in\nYour Orders\nTry\nPrime\nYour\nLists\nCart\n0\nYour Amazon.in\nToday&#039;s Deals\nGift Cards\nSell\nCustomer Service\nAd feedback\nBestselling Headphones\n1\n2\n3\n4\n5\nMore Bestsellers\nBestselling backpacks\n1\n2\n3\n4\n5\nSee more\nAd feedback\nLaptops under ₹19,999\nSee more\n9%\noff\n24%\noff\nMen&#039;s wallets under Rs. 499\nSee more\n69%\noff\n71%\noff\n73%\noff\nJackets &amp; sweaters: Minimum 40% off\nSee more\n70%\noff\n70%\noff\n40%\noff\n70%\noff\n40%\noff\n42%\noff\nBooks best sellers\nSee more\n51%\noff\n36%\noff\n42%\noff\n30%\noff\n60%\noff\n25%\noff\nUp to 25% off: Household supplies\nSee more\n2%\noff\n20%\noff\n22%\noff\n12%\noff\n17%\noff\nPersonal care: 10% off or more\nSee more\n7%\noff\n10%\noff\n2%\noff\nAbout Us\nAt Amazon, our vision is to be Earth&#039;s most customer centric company; to build a place where people can come to find and discover virtually anything they want to buy online. With Amazon.in, we endeavour to build that same destination in India by giving customers more of what they want – vast selection, low prices, fast and reliable delivery, and a trusted and convenient online shopping experience – and provide sellers a world-class e-commerce platform. We are committed to ensure 100% Purchase Protection for your shopping done on Amazon.in so that you can benefit from a safe and secure online ordering experience, convenient payment options such as cash on delivery, easy returns and enjoy a completely hassle free online shopping experience.\nWe launched with Books and Movies &amp; TV Shows and have expanded our offerings to include the Kindle family of E-Readers, the Amazon Fashion Store and various products under different categories. Customers can now buy products from popular brands across categories such as Samsung mobiles, Dell laptops, Canon cameras, Fastrack watches and many more at Amazon.in. Don’t forget to shop for Today&#039;s Deals on Amazon and save big every day. On Amazon shopping is not only about buying, it&#039;s also about gifting and through Gift A Smile you can give products online to charity through verified NGOs. It is still “Day 1” and we will relentlessly focus on expanding selection and raising the bar for customer experience and online shopping in India.\nCustomers can also shop our full selection of products using the Amazon App for Android, iOS and Windows which offers customers a convenient, fast and secure way to search, browse, compare offers, and shop online quickly and easily, at anytime from anywhere.\nPopular searches on Amazon.in\n\nMobiles: OnePlus | Google Nexus 5 | iPhone 6 | Samsung Mobiles | Sony Mobiles | Nokia Mobiles | Micromax Mobiles | Lenovo Vibe S1 | OnePlus 2 | OnePlus X | HTC Mobiles\nKindle: Kindle Paperwhite WiFi | Kindle Paperwhite 3G | Kindle Oasis WiFi | Kindle Oasis WiFi+3G | Kindle | Kindle Voyage | Kindle Store | Kindle Accessories\nElectronics: HP Laptops | Dell Laptops | Acer Laptops | Bose Audio | Sony Audio | Canon Cameras | Nikon Cameras | Sony Cameras | Smart TVs | Sony TVs | Samsung TVs\nHousehold Needs: Dove Shampoos | L&#039;Oreal Paris | Whisper | Air Conditioners | Gillette | Refrigerators | Washing Machines | Hamleys | Whey Proteins\nWatches: Casio Watches | Titan Watches | Fastrack Watches | Timex Watches | Maxima Watches | Fossil Watches | Citizen Watches | Sonata Watches | Tommy Hilfiger Watches\nShoes: Bata Shoes | Woodland Shoes | Fila Shoes | Crocs Shoes | Nike Shoes | Adidas Shoes | Puma Shoes | Reebok Shoes |\nLifestyle: Fastrack Bags | Baggit | Skybags | Caprese | Wildcraft Bags | Lavie | VIP Bags | American Tourister | Hidesign | Ray Ban | Fastrack Sunglasses | Idee Sunglasses | Amazon Fashion\nApparel: Formal Shirts | Casual Shirts | Sarees | Salwar Suits | Men&#039;s Jeans | Capris | Men&#039;s Polos | Women&#039;s Dresses | Boy&#039;s Clothing | Girl&#039;s Clothing| Men&#039;s Clothing\nTop Searches: Noble TV | Moto G4 Plus | Lenovo K4 Note | Redmi Note 3 | Refurbished Mobiles | Coolpad Note 3 | Google Nexus 9 | Honor Mobiles | Redmi Note 4G\nOthers: Sofas | AmazonBasics | Huggies Diapers | Pampers Diapers | Solimo | XBox One | Used Books | International Brand Store | Amazon Sale| Diwali Offers\n\n\n\nBack to top\nGet to Know Us\nAbout Us\nCareers\nPress Releases\nAmazon Cares\nGift a Smile\nConnect with Us\nFacebook\nTwitter\nInstagram\nThe Amazon.in Blog\nMake Money with Us\nRefer &amp; Earn Rs.200\nSell on Amazon\nBecome an Affiliate\nFulfilment by Amazon\nPay with Amazon\nAdvertise Your Products\nLet Us Help You\nYour Account\nReturns Centre\n100% Purchase Protection\nAmazon Assistant\nHelp\nAustraliaBrazilCanadaChinaFranceGermanyItalyJapanMexicoNetherlandsSpainUnited KingdomUnited States\nAbeBooks\nRare Books\n&amp; Textbooks Amazon Web Services\nScalable Cloud\nComputing Services Audible\nDownload\nAudio Books Diapers.com\nEverything\nBut The Baby DPReview\nDigital\nPhotography IMDb\nMovies, TV\n&amp; Celebrities\n  Junglee.com\nShop Online\nin India Look.com\nKids&#039; Clothing\n&amp; Shoes MYHABIT\nPrivate Fashion\nDesigner Sales Shopbop\nDesigner\nFashion Brands Yoyo.com\nA Happy Place\nTo Shop For Toys Amazon Business\nEverything For\nYour Business\nConditions of Use &amp; SalePrivacy NoticeInterest-Based Ads© 1996-2016, Amazon.com, Inc. or its affiliates&quot;}
Command duration or timeout: 62.87 seconds
For documentation on this error, please visit: http://seleniumhq.org/exceptions/no_such_element.html
Build info: version: &#039;2.53.0&#039;, revision: &#039;35ae25b&#039;, time: &#039;2016-03-15 17:01:03&#039;
System info: host: &#039;dell&#039;, ip: &#039;192.168.0.35&#039;, os.name: &#039;Windows 8.1&#039;, os.arch: &#039;amd64&#039;, os.version: &#039;6.3&#039;, java.version: &#039;1.7.0_79&#039;
*** Element info: {Using=link text, value=Amazon
Try Prime
All
All Categories
Amazon Fashion
Amazon Global Store
Amazon Pantry
Appliances
Baby
Beauty
Books
Car &amp; Motorbike
Clothing &amp; Accessories
Computers &amp; Accessories
Electronics
Furniture
Garden &amp; Outdoors
Gift Cards
Grocery &amp; Gourmet Foods
Health &amp; Personal Care
Home &amp; Kitchen
Industrial &amp; Scientific
Jewellery
Kindle Store
Luggage &amp; Bags
Luxury Beauty
Movies &amp; TV Shows
Music
Musical Instruments
Office Products
Pet Supplies
Shoes &amp; Handbags
Software
Sports, Fitness &amp; Outdoors
Toys &amp; Games
Video Games
Watches
Go
Shop by
Category
Hello. Sign in
Your Orders
Try
Prime
Your
Lists
Cart
0
Your Amazon.in
Today&#039;s Deals
Gift Cards
Sell
Customer Service
Ad feedback
Bestselling Headphones
1
2
3
4
5
More Bestsellers
Bestselling backpacks
1
2
3
4
5
See more
Ad feedback
Laptops under ₹19,999
See more
9%
off
24%
off
Men&#039;s wallets under Rs. 499
See more
69%
off
71%
off
73%
off
Jackets &amp; sweaters: Minimum 40% off
See more
70%
off
70%
off
40%
off
70%
off
40%
off
42%
off
Books best sellers
See more
51%
off
36%
off
42%
off
30%
off
60%
off
25%
off
Up to 25% off: Household supplies
See more
2%
off
20%
off
22%
off
12%
off
17%
off
Personal care: 10% off or more
See more
7%
off
10%
off
2%
off
About Us
At Amazon, our vision is to be Earth&#039;s most customer centric company; to build a place where people can come to find and discover virtually anything they want to buy online. With Amazon.in, we endeavour to build that same destination in India by giving customers more of what they want – vast selection, low prices, fast and reliable delivery, and a trusted and convenient online shopping experience – and provide sellers a world-class e-commerce platform. We are committed to ensure 100% Purchase Protection for your shopping done on Amazon.in so that you can benefit from a safe and secure online ordering experience, convenient payment options such as cash on delivery, easy returns and enjoy a completely hassle free online shopping experience.
We launched with Books and Movies &amp; TV Shows and have expanded our offerings to include the Kindle family of E-Readers, the Amazon Fashion Store and various products under different categories. Customers can now buy products from popular brands across categories such as Samsung mobiles, Dell laptops, Canon cameras, Fastrack watches and many more at Amazon.in. Don’t forget to shop for Today&#039;s Deals on Amazon and save big every day. On Amazon shopping is not only about buying, it&#039;s also about gifting and through Gift A Smile you can give products online to charity through verified NGOs. It is still “Day 1” and we will relentlessly focus on expanding selection and raising the bar for customer experience and online shopping in India.
Customers can also shop our full selection of products using the Amazon App for Android, iOS and Windows which offers customers a convenient, fast and secure way to search, browse, compare offers, and shop online quickly and easily, at anytime from anywhere.
Popular searches on Amazon.in

Mobiles: OnePlus | Google Nexus 5 | iPhone 6 | Samsung Mobiles | Sony Mobiles | Nokia Mobiles | Micromax Mobiles | Lenovo Vibe S1 | OnePlus 2 | OnePlus X | HTC Mobiles
Kindle: Kindle Paperwhite WiFi | Kindle Paperwhite 3G | Kindle Oasis WiFi | Kindle Oasis WiFi+3G | Kindle | Kindle Voyage | Kindle Store | Kindle Accessories
Electronics: HP Laptops | Dell Laptops | Acer Laptops | Bose Audio | Sony Audio | Canon Cameras | Nikon Cameras | Sony Cameras | Smart TVs | Sony TVs | Samsung TVs
Household Needs: Dove Shampoos | L&#039;Oreal Paris | Whisper | Air Conditioners | Gillette | Refrigerators | Washing Machines | Hamleys | Whey Proteins
Watches: Casio Watches | Titan Watches | Fastrack Watches | Timex Watches | Maxima Watches | Fossil Watches | Citizen Watches | Sonata Watches | Tommy Hilfiger Watches
Shoes: Bata Shoes | Woodland Shoes | Fila Shoes | Crocs Shoes | Nike Shoes | Adidas Shoes | Puma Shoes | Reebok Shoes |
Lifestyle: Fastrack Bags | Baggit | Skybags | Caprese | Wildcraft Bags | Lavie | VIP Bags | American Tourister | Hidesign | Ray Ban | Fastrack Sunglasses | Idee Sunglasses | Amazon Fashion
Apparel: Formal Shirts | Casual Shirts | Sarees | Salwar Suits | Men&#039;s Jeans | Capris | Men&#039;s Polos | Women&#039;s Dresses | Boy&#039;s Clothing | Girl&#039;s Clothing| Men&#039;s Clothing
Top Searches: Noble TV | Moto G4 Plus | Lenovo K4 Note | Redmi Note 3 | Refurbished Mobiles | Coolpad Note 3 | Google Nexus 9 | Honor Mobiles | Redmi Note 4G
Others: Sofas | AmazonBasics | Huggies Diapers | Pampers Diapers | Solimo | XBox One | Used Books | International Brand Store | Amazon Sale| Diwali Offers



Back to top
Get to Know Us
About Us
Careers
Press Releases
Amazon Cares
Gift a Smile
Connect with Us
Facebook
Twitter
Instagram
The Amazon.in Blog
Make Money with Us
Refer &amp; Earn Rs.200
Sell on Amazon
Become an Affiliate
Fulfilment by Amazon
Pay with Amazon
Advertise Your Products
Let Us Help You
Your Account
Returns Centre
100% Purchase Protection
Amazon Assistant
Help
AustraliaBrazilCanadaChinaFranceGermanyItalyJapanMexicoNetherlandsSpainUnited KingdomUnited States
AbeBooks
Rare Books
&amp; Textbooks Amazon Web Services
Scalable Cloud
Computing Services Audible
Download
Audio Books Diapers.com
Everything
But The Baby DPReview
Digital
Photography IMDb
Movies, TV
&amp; Celebrities
  Junglee.com
Shop Online
in India Look.com
Kids&#039; Clothing
&amp; Shoes MYHABIT
Private Fashion
Designer Sales Shopbop
Designer
Fashion Brands Yoyo.com
A Happy Place
To Shop For Toys Amazon Business
Everything For
Your Business
Conditions of Use &amp; SalePrivacy NoticeInterest-Based Ads© 1996-2016, Amazon.com, Inc. or its affiliates}
Session ID: c033802a-62e0-4d52-b57b-a1768485767e
Driver info: org.openqa.selenium.firefox.FirefoxDriver
Capabilities [{platform=WINDOWS, acceptSslCerts=true, javascriptEnabled=true, cssSelectorsEnabled=true, databaseEnabled=true, browserName=firefox, handlesAlerts=true, nativeEvents=false, webStorageEnabled=true, rotatable=false, locationContextEnabled=true, applicationCacheEnabled=true, takesScreenshot=true, version=46.0.1}]">
      <![CDATA[org.openqa.selenium.NoSuchElementException: Unable to locate element: {"method":"link text","selector":"Amazon\nTry Prime\nAll\nAll Categories\nAmazon Fashion\nAmazon Global Store\nAmazon Pantry\nAppliances\nBaby\nBeauty\nBooks\nCar & Motorbike\nClothing & Accessories\nComputers & Accessories\nElectronics\nFurniture\nGarden & Outdoors\nGift Cards\nGrocery & Gourmet Foods\nHealth & Personal Care\nHome & Kitchen\nIndustrial & Scientific\nJewellery\nKindle Store\nLuggage & Bags\nLuxury Beauty\nMovies & TV Shows\nMusic\nMusical Instruments\nOffice Products\nPet Supplies\nShoes & Handbags\nSoftware\nSports, Fitness & Outdoors\nToys & Games\nVideo Games\nWatches\nGo\nShop by\nCategory\nHello. Sign in\nYour Orders\nTry\nPrime\nYour\nLists\nCart\n0\nYour Amazon.in\nToday's Deals\nGift Cards\nSell\nCustomer Service\nAd feedback\nBestselling Headphones\n1\n2\n3\n4\n5\nMore Bestsellers\nBestselling backpacks\n1\n2\n3\n4\n5\nSee more\nAd feedback\nLaptops under ₹19,999\nSee more\n9%\noff\n24%\noff\nMen's wallets under Rs. 499\nSee more\n69%\noff\n71%\noff\n73%\noff\nJackets & sweaters: Minimum 40% off\nSee more\n70%\noff\n70%\noff\n40%\noff\n70%\noff\n40%\noff\n42%\noff\nBooks best sellers\nSee more\n51%\noff\n36%\noff\n42%\noff\n30%\noff\n60%\noff\n25%\noff\nUp to 25% off: Household supplies\nSee more\n2%\noff\n20%\noff\n22%\noff\n12%\noff\n17%\noff\nPersonal care: 10% off or more\nSee more\n7%\noff\n10%\noff\n2%\noff\nAbout Us\nAt Amazon, our vision is to be Earth's most customer centric company; to build a place where people can come to find and discover virtually anything they want to buy online. With Amazon.in, we endeavour to build that same destination in India by giving customers more of what they want – vast selection, low prices, fast and reliable delivery, and a trusted and convenient online shopping experience – and provide sellers a world-class e-commerce platform. We are committed to ensure 100% Purchase Protection for your shopping done on Amazon.in so that you can benefit from a safe and secure online ordering experience, convenient payment options such as cash on delivery, easy returns and enjoy a completely hassle free online shopping experience.\nWe launched with Books and Movies & TV Shows and have expanded our offerings to include the Kindle family of E-Readers, the Amazon Fashion Store and various products under different categories. Customers can now buy products from popular brands across categories such as Samsung mobiles, Dell laptops, Canon cameras, Fastrack watches and many more at Amazon.in. Don’t forget to shop for Today's Deals on Amazon and save big every day. On Amazon shopping is not only about buying, it's also about gifting and through Gift A Smile you can give products online to charity through verified NGOs. It is still “Day 1” and we will relentlessly focus on expanding selection and raising the bar for customer experience and online shopping in India.\nCustomers can also shop our full selection of products using the Amazon App for Android, iOS and Windows which offers customers a convenient, fast and secure way to search, browse, compare offers, and shop online quickly and easily, at anytime from anywhere.\nPopular searches on Amazon.in\n\nMobiles: OnePlus | Google Nexus 5 | iPhone 6 | Samsung Mobiles | Sony Mobiles | Nokia Mobiles | Micromax Mobiles | Lenovo Vibe S1 | OnePlus 2 | OnePlus X | HTC Mobiles\nKindle: Kindle Paperwhite WiFi | Kindle Paperwhite 3G | Kindle Oasis WiFi | Kindle Oasis WiFi+3G | Kindle | Kindle Voyage | Kindle Store | Kindle Accessories\nElectronics: HP Laptops | Dell Laptops | Acer Laptops | Bose Audio | Sony Audio | Canon Cameras | Nikon Cameras | Sony Cameras | Smart TVs | Sony TVs | Samsung TVs\nHousehold Needs: Dove Shampoos | L'Oreal Paris | Whisper | Air Conditioners | Gillette | Refrigerators | Washing Machines | Hamleys | Whey Proteins\nWatches: Casio Watches | Titan Watches | Fastrack Watches | Timex Watches | Maxima Watches | Fossil Watches | Citizen Watches | Sonata Watches | Tommy Hilfiger Watches\nShoes: Bata Shoes | Woodland Shoes | Fila Shoes | Crocs Shoes | Nike Shoes | Adidas Shoes | Puma Shoes | Reebok Shoes |\nLifestyle: Fastrack Bags | Baggit | Skybags | Caprese | Wildcraft Bags | Lavie | VIP Bags | American Tourister | Hidesign | Ray Ban | Fastrack Sunglasses | Idee Sunglasses | Amazon Fashion\nApparel: Formal Shirts | Casual Shirts | Sarees | Salwar Suits | Men's Jeans | Capris | Men's Polos | Women's Dresses | Boy's Clothing | Girl's Clothing| Men's Clothing\nTop Searches: Noble TV | Moto G4 Plus | Lenovo K4 Note | Redmi Note 3 | Refurbished Mobiles | Coolpad Note 3 | Google Nexus 9 | Honor Mobiles | Redmi Note 4G\nOthers: Sofas | AmazonBasics | Huggies Diapers | Pampers Diapers | Solimo | XBox One | Used Books | International Brand Store | Amazon Sale| Diwali Offers\n\n\n\nBack to top\nGet to Know Us\nAbout Us\nCareers\nPress Releases\nAmazon Cares\nGift a Smile\nConnect with Us\nFacebook\nTwitter\nInstagram\nThe Amazon.in Blog\nMake Money with Us\nRefer & Earn Rs.200\nSell on Amazon\nBecome an Affiliate\nFulfilment by Amazon\nPay with Amazon\nAdvertise Your Products\nLet Us Help You\nYour Account\nReturns Centre\n100% Purchase Protection\nAmazon Assistant\nHelp\nAustraliaBrazilCanadaChinaFranceGermanyItalyJapanMexicoNetherlandsSpainUnited KingdomUnited States\nAbeBooks\nRare Books\n& Textbooks Amazon Web Services\nScalable Cloud\nComputing Services Audible\nDownload\nAudio Books Diapers.com\nEverything\nBut The Baby DPReview\nDigital\nPhotography IMDb\nMovies, TV\n& Celebrities\n  Junglee.com\nShop Online\nin India Look.com\nKids' Clothing\n& Shoes MYHABIT\nPrivate Fashion\nDesigner Sales Shopbop\nDesigner\nFashion Brands Yoyo.com\nA Happy Place\nTo Shop For Toys Amazon Business\nEverything For\nYour Business\nConditions of Use & SalePrivacy NoticeInterest-Based Ads© 1996-2016, Amazon.com, Inc. or its affiliates"}
Command duration or timeout: 62.87 seconds
For documentation on this error, please visit: http://seleniumhq.org/exceptions/no_such_element.html
Build info: version: '2.53.0', revision: '35ae25b', time: '2016-03-15 17:01:03'
System info: host: 'dell', ip: '192.168.0.35', os.name: 'Windows 8.1', os.arch: 'amd64', os.version: '6.3', java.version: '1.7.0_79'
*** Element info: {Using=link text, value=Amazon
Try Prime
All
All Categories
Amazon Fashion
Amazon Global Store
Amazon Pantry
Appliances
Baby
Beauty
Books
Car & Motorbike
Clothing & Accessories
Computers & Accessories
Electronics
Furniture
Garden & Outdoors
Gift Cards
Grocery & Gourmet Foods
Health & Personal Care
Home & Kitchen
Industrial & Scientific
Jewellery
Kindle Store
Luggage & Bags
Luxury Beauty
Movies & TV Shows
Music
Musical Instruments
Office Products
Pet Supplies
Shoes & Handbags
Software
Sports, Fitness & Outdoors
Toys & Games
Video Games
Watches
Go
Shop by
Category
Hello. Sign in
Your Orders
Try
Prime
Your
Lists
Cart
0
Your Amazon.in
Today's Deals
Gift Cards
Sell
Customer Service
Ad feedback
Bestselling Headphones
1
2
3
4
5
More Bestsellers
Bestselling backpacks
1
2
3
4
5
See more
Ad feedback
Laptops under ₹19,999
See more
9%
off
24%
off
Men's wallets under Rs. 499
See more
69%
off
71%
off
73%
off
Jackets & sweaters: Minimum 40% off
See more
70%
off
70%
off
40%
off
70%
off
40%
off
42%
off
Books best sellers
See more
51%
off
36%
off
42%
off
30%
off
60%
off
25%
off
Up to 25% off: Household supplies
See more
2%
off
20%
off
22%
off
12%
off
17%
off
Personal care: 10% off or more
See more
7%
off
10%
off
2%
off
About Us
At Amazon, our vision is to be Earth's most customer centric company; to build a place where people can come to find and discover virtually anything they want to buy online. With Amazon.in, we endeavour to build that same destination in India by giving customers more of what they want – vast selection, low prices, fast and reliable delivery, and a trusted and convenient online shopping experience – and provide sellers a world-class e-commerce platform. We are committed to ensure 100% Purchase Protection for your shopping done on Amazon.in so that you can benefit from a safe and secure online ordering experience, convenient payment options such as cash on delivery, easy returns and enjoy a completely hassle free online shopping experience.
We launched with Books and Movies & TV Shows and have expanded our offerings to include the Kindle family of E-Readers, the Amazon Fashion Store and various products under different categories. Customers can now buy products from popular brands across categories such as Samsung mobiles, Dell laptops, Canon cameras, Fastrack watches and many more at Amazon.in. Don’t forget to shop for Today's Deals on Amazon and save big every day. On Amazon shopping is not only about buying, it's also about gifting and through Gift A Smile you can give products online to charity through verified NGOs. It is still “Day 1” and we will relentlessly focus on expanding selection and raising the bar for customer experience and online shopping in India.
Customers can also shop our full selection of products using the Amazon App for Android, iOS and Windows which offers customers a convenient, fast and secure way to search, browse, compare offers, and shop online quickly and easily, at anytime from anywhere.
Popular searches on Amazon.in

Mobiles: OnePlus | Google Nexus 5 | iPhone 6 | Samsung Mobiles | Sony Mobiles | Nokia Mobiles | Micromax Mobiles | Lenovo Vibe S1 | OnePlus 2 | OnePlus X | HTC Mobiles
Kindle: Kindle Paperwhite WiFi | Kindle Paperwhite 3G | Kindle Oasis WiFi | Kindle Oasis WiFi+3G | Kindle | Kindle Voyage | Kindle Store | Kindle Accessories
Electronics: HP Laptops | Dell Laptops | Acer Laptops | Bose Audio | Sony Audio | Canon Cameras | Nikon Cameras | Sony Cameras | Smart TVs | Sony TVs | Samsung TVs
Household Needs: Dove Shampoos | L'Oreal Paris | Whisper | Air Conditioners | Gillette | Refrigerators | Washing Machines | Hamleys | Whey Proteins
Watches: Casio Watches | Titan Watches | Fastrack Watches | Timex Watches | Maxima Watches | Fossil Watches | Citizen Watches | Sonata Watches | Tommy Hilfiger Watches
Shoes: Bata Shoes | Woodland Shoes | Fila Shoes | Crocs Shoes | Nike Shoes | Adidas Shoes | Puma Shoes | Reebok Shoes |
Lifestyle: Fastrack Bags | Baggit | Skybags | Caprese | Wildcraft Bags | Lavie | VIP Bags | American Tourister | Hidesign | Ray Ban | Fastrack Sunglasses | Idee Sunglasses | Amazon Fashion
Apparel: Formal Shirts | Casual Shirts | Sarees | Salwar Suits | Men's Jeans | Capris | Men's Polos | Women's Dresses | Boy's Clothing | Girl's Clothing| Men's Clothing
Top Searches: Noble TV | Moto G4 Plus | Lenovo K4 Note | Redmi Note 3 | Refurbished Mobiles | Coolpad Note 3 | Google Nexus 9 | Honor Mobiles | Redmi Note 4G
Others: Sofas | AmazonBasics | Huggies Diapers | Pampers Diapers | Solimo | XBox One | Used Books | International Brand Store | Amazon Sale| Diwali Offers



Back to top
Get to Know Us
About Us
Careers
Press Releases
Amazon Cares
Gift a Smile
Connect with Us
Facebook
Twitter
Instagram
The Amazon.in Blog
Make Money with Us
Refer & Earn Rs.200
Sell on Amazon
Become an Affiliate
Fulfilment by Amazon
Pay with Amazon
Advertise Your Products
Let Us Help You
Your Account
Returns Centre
100% Purchase Protection
Amazon Assistant
Help
AustraliaBrazilCanadaChinaFranceGermanyItalyJapanMexicoNetherlandsSpainUnited KingdomUnited States
AbeBooks
Rare Books
& Textbooks Amazon Web Services
Scalable Cloud
Computing Services Audible
Download
Audio Books Diapers.com
Everything
But The Baby DPReview
Digital
Photography IMDb
Movies, TV
& Celebrities
  Junglee.com
Shop Online
in India Look.com
Kids' Clothing
& Shoes MYHABIT
Private Fashion
Designer Sales Shopbop
Designer
Fashion Brands Yoyo.com
A Happy Place
To Shop For Toys Amazon Business
Everything For
Your Business
Conditions of Use & SalePrivacy NoticeInterest-Based Ads© 1996-2016, Amazon.com, Inc. or its affiliates}
Session ID: c033802a-62e0-4d52-b57b-a1768485767e
Driver info: org.openqa.selenium.firefox.FirefoxDriver
Capabilities [{platform=WINDOWS, acceptSslCerts=true, javascriptEnabled=true, cssSelectorsEnabled=true, databaseEnabled=true, browserName=firefox, handlesAlerts=true, nativeEvents=false, webStorageEnabled=true, rotatable=false, locationContextEnabled=true, applicationCacheEnabled=true, takesScreenshot=true, version=46.0.1}]
	at sun.reflect.NativeConstructorAccessorImpl.newInstance0(Native Method)
	at sun.reflect.NativeConstructorAccessorImpl.newInstance(NativeConstructorAccessorImpl.java:57)
	at sun.reflect.DelegatingConstructorAccessorImpl.newInstance(DelegatingConstructorAccessorImpl.java:45)
	at java.lang.reflect.Constructor.newInstance(Constructor.java:526)
	at org.openqa.selenium.remote.ErrorHandler.createThrowable(ErrorHandler.java:206)
	at org.openqa.selenium.remote.ErrorHandler.throwIfResponseFailed(ErrorHandler.java:158)
	at org.openqa.selenium.remote.RemoteWebDriver.execute(RemoteWebDriver.java:678)
	at org.openqa.selenium.remote.RemoteWebDriver.findElement(RemoteWebDriver.java:363)
	at org.openqa.selenium.remote.RemoteWebDriver.findElementByLinkText(RemoteWebDriver.java:428)
	at org.openqa.selenium.By$ByLinkText.findElement(By.java:246)
	at org.openqa.selenium.remote.RemoteWebDriver.findElement(RemoteWebDriver.java:355)
	at testng111.amazonlinks.SetUp(amazonlinks.java:31)
	at sun.reflect.NativeMethodAccessorImpl.invoke0(Native Method)
	at sun.reflect.NativeMethodAccessorImpl.invoke(NativeMethodAccessorImpl.java:57)
	at sun.reflect.DelegatingMethodAccessorImpl.invoke(DelegatingMethodAccessorImpl.java:43)
	at java.lang.reflect.Method.invoke(Method.java:606)
	at org.testng.internal.MethodInvocationHelper.invokeMethod(MethodInvocationHelper.java:85)
	at org.testng.internal.Invoker.invokeMethod(Invoker.java:639)
	at org.testng.internal.Invoker.invokeTestMethod(Invoker.java:816)
	at org.testng.internal.Invoker.invokeTestMethods(Invoker.java:1124)
	at org.testng.internal.TestMethodWorker.invokeTestMethods(TestMethodWorker.java:125)
	at org.testng.internal.TestMethodWorker.run(TestMethodWorker.java:108)
	at org.testng.TestRunner.privateRun(TestRunner.java:774)
	at org.testng.TestRunner.run(TestRunner.java:624)
	at org.testng.SuiteRunner.runTest(SuiteRunner.java:359)
	at org.testng.SuiteRunner.runSequentially(SuiteRunner.java:354)
	at org.testng.SuiteRunner.privateRun(SuiteRunner.java:312)
	at org.testng.SuiteRunner.run(SuiteRunner.java:261)
	at org.testng.SuiteRunnerWorker.runSuite(SuiteRunnerWorker.java:52)
	at org.testng.SuiteRunnerWorker.run(SuiteRunnerWorker.java:86)
	at org.testng.TestNG.runSuitesSequentially(TestNG.java:1215)
	at org.testng.TestNG.runSuitesLocally(TestNG.java:1140)
	at org.testng.TestNG.run(TestNG.java:1048)
	at org.testng.remote.AbstractRemoteTestNG.run(AbstractRemoteTestNG.java:126)
	at org.testng.remote.RemoteTestNG.initAndRun(RemoteTestNG.java:152)
	at org.testng.remote.RemoteTestNG.main(RemoteTestNG.java:57)
Caused by: org.openqa.selenium.NoSuchElementException: Unable to locate element: {"method":"link text","selector":"Amazon\nTry Prime\nAll\nAll Categories\nAmazon Fashion\nAmazon Global Store\nAmazon Pantry\nAppliances\nBaby\nBeauty\nBooks\nCar & Motorbike\nClothing & Accessories\nComputers & Accessories\nElectronics\nFurniture\nGarden & Outdoors\nGift Cards\nGrocery & Gourmet Foods\nHealth & Personal Care\nHome & Kitchen\nIndustrial & Scientific\nJewellery\nKindle Store\nLuggage & Bags\nLuxury Beauty\nMovies & TV Shows\nMusic\nMusical Instruments\nOffice Products\nPet Supplies\nShoes & Handbags\nSoftware\nSports, Fitness & Outdoors\nToys & Games\nVideo Games\nWatches\nGo\nShop by\nCategory\nHello. Sign in\nYour Orders\nTry\nPrime\nYour\nLists\nCart\n0\nYour Amazon.in\nToday's Deals\nGift Cards\nSell\nCustomer Service\nAd feedback\nBestselling Headphones\n1\n2\n3\n4\n5\nMore Bestsellers\nBestselling backpacks\n1\n2\n3\n4\n5\nSee more\nAd feedback\nLaptops under ₹19,999\nSee more\n9%\noff\n24%\noff\nMen's wallets under Rs. 499\nSee more\n69%\noff\n71%\noff\n73%\noff\nJackets & sweaters: Minimum 40% off\nSee more\n70%\noff\n70%\noff\n40%\noff\n70%\noff\n40%\noff\n42%\noff\nBooks best sellers\nSee more\n51%\noff\n36%\noff\n42%\noff\n30%\noff\n60%\noff\n25%\noff\nUp to 25% off: Household supplies\nSee more\n2%\noff\n20%\noff\n22%\noff\n12%\noff\n17%\noff\nPersonal care: 10% off or more\nSee more\n7%\noff\n10%\noff\n2%\noff\nAbout Us\nAt Amazon, our vision is to be Earth's most customer centric company; to build a place where people can come to find and discover virtually anything they want to buy online. With Amazon.in, we endeavour to build that same destination in India by giving customers more of what they want – vast selection, low prices, fast and reliable delivery, and a trusted and convenient online shopping experience – and provide sellers a world-class e-commerce platform. We are committed to ensure 100% Purchase Protection for your shopping done on Amazon.in so that you can benefit from a safe and secure online ordering experience, convenient payment options such as cash on delivery, easy returns and enjoy a completely hassle free online shopping experience.\nWe launched with Books and Movies & TV Shows and have expanded our offerings to include the Kindle family of E-Readers, the Amazon Fashion Store and various products under different categories. Customers can now buy products from popular brands across categories such as Samsung mobiles, Dell laptops, Canon cameras, Fastrack watches and many more at Amazon.in. Don’t forget to shop for Today's Deals on Amazon and save big every day. On Amazon shopping is not only about buying, it's also about gifting and through Gift A Smile you can give products online to charity through verified NGOs. It is still “Day 1” and we will relentlessly focus on expanding selection and raising the bar for customer experience and online shopping in India.\nCustomers can also shop our full selection of products using the Amazon App for Android, iOS and Windows which offers customers a convenient, fast and secure way to search, browse, compare offers, and shop online quickly and easily, at anytime from anywhere.\nPopular searches on Amazon.in\n\nMobiles: OnePlus | Google Nexus 5 | iPhone 6 | Samsung Mobiles | Sony Mobiles | Nokia Mobiles | Micromax Mobiles | Lenovo Vibe S1 | OnePlus 2 | OnePlus X | HTC Mobiles\nKindle: Kindle Paperwhite WiFi | Kindle Paperwhite 3G | Kindle Oasis WiFi | Kindle Oasis WiFi+3G | Kindle | Kindle Voyage | Kindle Store | Kindle Accessories\nElectronics: HP Laptops | Dell Laptops | Acer Laptops | Bose Audio | Sony Audio | Canon Cameras | Nikon Cameras | Sony Cameras | Smart TVs | Sony TVs | Samsung TVs\nHousehold Needs: Dove Shampoos | L'Oreal Paris | Whisper | Air Conditioners | Gillette | Refrigerators | Washing Machines | Hamleys | Whey Proteins\nWatches: Casio Watches | Titan Watches | Fastrack Watches | Timex Watches | Maxima Watches | Fossil Watches | Citizen Watches | Sonata Watches | Tommy Hilfiger Watches\nShoes: Bata Shoes | Woodland Shoes | Fila Shoes | Crocs Shoes | Nike Shoes | Adidas Shoes | Puma Shoes | Reebok Shoes |\nLifestyle: Fastrack Bags | Baggit | Skybags | Caprese | Wildcraft Bags | Lavie | VIP Bags | American Tourister | Hidesign | Ray Ban | Fastrack Sunglasses | Idee Sunglasses | Amazon Fashion\nApparel: Formal Shirts | Casual Shirts | Sarees | Salwar Suits | Men's Jeans | Capris | Men's Polos | Women's Dresses | Boy's Clothing | Girl's Clothing| Men's Clothing\nTop Searches: Noble TV | Moto G4 Plus | Lenovo K4 Note | Redmi Note 3 | Refurbished Mobiles | Coolpad Note 3 | Google Nexus 9 | Honor Mobiles | Redmi Note 4G\nOthers: Sofas | AmazonBasics | Huggies Diapers | Pampers Diapers | Solimo | XBox One | Used Books | International Brand Store | Amazon Sale| Diwali Offers\n\n\n\nBack to top\nGet to Know Us\nAbout Us\nCareers\nPress Releases\nAmazon Cares\nGift a Smile\nConnect with Us\nFacebook\nTwitter\nInstagram\nThe Amazon.in Blog\nMake Money with Us\nRefer & Earn Rs.200\nSell on Amazon\nBecome an Affiliate\nFulfilment by Amazon\nPay with Amazon\nAdvertise Your Products\nLet Us Help You\nYour Account\nReturns Centre\n100% Purchase Protection\nAmazon Assistant\nHelp\nAustraliaBrazilCanadaChinaFranceGermanyItalyJapanMexicoNetherlandsSpainUnited KingdomUnited States\nAbeBooks\nRare Books\n& Textbooks Amazon Web Services\nScalable Cloud\nComputing Services Audible\nDownload\nAudio Books Diapers.com\nEverything\nBut The Baby DPReview\nDigital\nPhotography IMDb\nMovies, TV\n& Celebrities\n  Junglee.com\nShop Online\nin India Look.com\nKids' Clothing\n& Shoes MYHABIT\nPrivate Fashion\nDesigner Sales Shopbop\nDesigner\nFashion Brands Yoyo.com\nA Happy Place\nTo Shop For Toys Amazon Business\nEverything For\nYour Business\nConditions of Use & SalePrivacy NoticeInterest-Based Ads© 1996-2016, Amazon.com, Inc. or its affiliates"}
For documentation on this error, please visit: http://seleniumhq.org/exceptions/no_such_element.html
Build info: version: '2.53.0', revision: '35ae25b', time: '2016-03-15 17:01:03'
System info: host: 'dell', ip: '192.168.0.35', os.name: 'Windows 8.1', os.arch: 'amd64', os.version: '6.3', java.version: '1.7.0_79'
Driver info: driver.version: unknown
	at <anonymous class>.FirefoxDriver.prototype.findElementInternal_(file:///C:/Users/pc/AppData/Local/Temp/anonymous4273558499081496946webdriver-profile/extensions/fxdriver@googlecode.com/components/driver-component.js:10770)
	at <anonymous class>.fxdriver.Timer.prototype.setTimeout/<.notify(file:///C:/Users/pc/AppData/Local/Temp/anonymous4273558499081496946webdriver-profile/extensions/fxdriver@googlecode.com/components/driver-component.js:625)
]]>
    </error>
  </testcase> <!-- SetUp -->
</testsuite> <!-- testng111.amazonlinks -->
