<?xml version="1.0" encoding="UTF-8"?>
<!-- Generated by org.testng.reporters.JUnitReportReporter -->
<testsuite hostname="dell" name="testng.keyboardamazon" tests="1" failures="0" timestamp="19 Sep 2016 23:26:50 GMT" time="77.587" errors="0">
  <testcase name="setUp" time="77.587" classname="testng.keyboardamazon"/>
</testsuite> <!-- testng.keyboardamazon -->
