<?xml version="1.0" encoding="UTF-8"?>
<!-- Generated by org.testng.reporters.JUnitReportReporter -->
<testsuite hostname="dell" name="testng.jquerykeybord" tests="2" failures="0" timestamp="29 Sep 2016 09:31:31 GMT" time="216.815" errors="0">
  <testcase name="setUp" time="117.761" classname="testng.jquerykeybord"/>
  <testcase name="setUp" time="99.054" classname="testng.jquerykeybord"/>
</testsuite> <!-- testng.jquerykeybord -->
