<?xml version="1.0" encoding="UTF-8"?>
<!-- Generated by org.testng.reporters.JUnitReportReporter -->
<testsuite hostname="dell" name="testng111.dataxl" tests="1" failures="0" timestamp="5 Dec 2016 06:54:32 GMT" time="0.338" errors="0">
  <testcase name="dataExport" time="0.338" classname="testng111.dataxl"/>
</testsuite> <!-- testng111.dataxl -->
