<?xml version="1.0" encoding="UTF-8"?>
<!-- Generated by org.testng.reporters.JUnitReportReporter -->
<testsuite hostname="dell" name="testng111.remoteweb" tests="1" failures="0" timestamp="5 Nov 2016 17:54:11 GMT" time="40.448" errors="0">
  <testcase name="Setup" time="40.448" classname="testng111.remoteweb"/>
</testsuite> <!-- testng111.remoteweb -->
