<?xml version="1.0" encoding="UTF-8"?>
<!-- Generated by org.testng.reporters.JUnitReportReporter -->
<testsuite hostname="dell" name="testng111.sign11" tests="1" failures="0" timestamp="2 Dec 2016 06:40:15 GMT" time="92.663" errors="0">
  <testcase name="SetUp1" time="92.663" classname="testng111.sign11"/>
</testsuite> <!-- testng111.sign11 -->
