<?xml version="1.0" encoding="UTF-8"?>
<!-- Generated by org.testng.reporters.JUnitReportReporter -->
<testsuite hostname="dell" name="testng111.fileoutputstream" tests="1" failures="0" timestamp="5 Nov 2016 14:29:19 GMT" time="10.532" errors="0">
  <testcase name="dataExport" time="10.532" classname="testng111.fileoutputstream"/>
</testsuite> <!-- testng111.fileoutputstream -->
