<?xml version="1.0" encoding="UTF-8"?>
<!-- Generated by org.testng.reporters.JUnitReportReporter -->
<testsuite hostname="dell" name="testng111.thirdscenario" tests="1" failures="0" timestamp="16 Nov 2016 10:39:33 GMT" time="24.183" errors="0">
  <testcase name="SetUp2" time="24.183" classname="testng111.thirdscenario"/>
</testsuite> <!-- testng111.thirdscenario -->
