<?xml version="1.0" encoding="UTF-8"?>
<!-- Generated by org.testng.reporters.JUnitReportReporter -->
<testsuite hostname="dell" name="testng111.webtable11" tests="1" failures="0" timestamp="25 Oct 2016 23:17:06 GMT" time="20.443" errors="0">
  <testcase name="SetUp21" time="20.443" classname="testng111.webtable11"/>
</testsuite> <!-- testng111.webtable11 -->
