<?xml version="1.0" encoding="UTF-8"?>
<!-- Generated by org.testng.reporters.JUnitReportReporter -->
<testsuite hostname="dell" name="testng111.multipleactions" tests="1" failures="0" timestamp="3 Dec 2016 11:38:49 GMT" time="24.400" errors="0">
  <testcase name="SetUp1" time="24.400" classname="testng111.multipleactions"/>
</testsuite> <!-- testng111.multipleactions -->
