<?xml version="1.0" encoding="UTF-8"?>
<!-- Generated by org.testng.reporters.JUnitReportReporter -->
<testsuite hostname="dell" name="testng111.Webtable1111" tests="1" failures="0" timestamp="4 Dec 2016 23:11:18 GMT" time="16.474" errors="0">
  <testcase name="Setup1" time="16.474" classname="testng111.Webtable1111"/>
</testsuite> <!-- testng111.Webtable1111 -->
