<?xml version="1.0" encoding="UTF-8"?>
<!-- Generated by org.testng.reporters.JUnitReportReporter -->
<testsuite hostname="dell" name="testng111.JdbcConnection" tests="1" failures="0" timestamp="4 Dec 2016 23:45:43 GMT" time="0.866" errors="0">
  <testcase name="Handle_Dynamic_Webtable" time="0.866" classname="testng111.JdbcConnection"/>
</testsuite> <!-- testng111.JdbcConnection -->
