<?xml version="1.0" encoding="UTF-8"?>
<!-- Generated by org.testng.reporters.JUnitReportReporter -->
<testsuite hostname="dell" name="testng111.seleniumtab" tests="1" failures="0" timestamp="31 Oct 2016 06:52:35 GMT" time="25.978" errors="0">
  <testcase name="SetUp1" time="25.978" classname="testng111.seleniumtab"/>
</testsuite> <!-- testng111.seleniumtab -->
