<?xml version="1.0" encoding="UTF-8"?>
<!-- Generated by org.testng.reporters.JUnitReportReporter -->
<testsuite hostname="dell" name="testng111.frame2" tests="1" failures="0" timestamp="2 Nov 2016 21:56:51 GMT" time="34.344" errors="0">
  <testcase name="SetUp" time="34.344" classname="testng111.frame2"/>
</testsuite> <!-- testng111.frame2 -->
