<?xml version="1.0" encoding="UTF-8"?>
<!-- Generated by org.testng.reporters.JUnitReportReporter -->
<testsuite hostname="dell" name="testng111.mouse2" tests="1" failures="0" timestamp="25 Oct 2016 05:56:23 GMT" time="16.336" errors="0">
  <testcase name="SetUp" time="16.336" classname="testng111.mouse2"/>
</testsuite> <!-- testng111.mouse2 -->
