<?xml version="1.0" encoding="UTF-8"?>
<!-- Generated by org.testng.reporters.JUnitReportReporter -->
<testsuite hostname="dell" name="testng111.Fileupload$filedownload" tests="1" failures="0" timestamp="6 Dec 2016 23:54:18 GMT" time="18.735" errors="0">
  <testcase name="SetUp1" time="18.735" classname="testng111.Fileupload$filedownload"/>
</testsuite> <!-- testng111.Fileupload$filedownload -->
