<?xml version="1.0" encoding="UTF-8"?>
<!-- Generated by org.testng.reporters.JUnitReportReporter -->
<testsuite hostname="dell" name="testng111.multiframe" tests="1" failures="0" timestamp="2 Nov 2016 10:30:09 GMT" time="38.240" errors="0">
  <testcase name="SetUp" time="38.240" classname="testng111.multiframe"/>
</testsuite> <!-- testng111.multiframe -->
