<?xml version="1.0" encoding="UTF-8"?>
<!-- Generated by org.testng.reporters.JUnitReportReporter -->
<testsuite hostname="dell" name="testng11.jquerytab" tests="2" failures="0" timestamp="2 Dec 2016 11:53:43 GMT" time="61.857" errors="0">
  <testcase name="Setup1" time="36.093" classname="testng11.jquerytab"/>
  <testcase name="Setup1" time="25.764" classname="testng11.jquerytab"/>
</testsuite> <!-- testng11.jquerytab -->
