<?xml version="1.0" encoding="UTF-8"?>
<!-- Generated by org.testng.reporters.JUnitReportReporter -->
<testsuite hostname="dell" name="testng111.multipleactions111$multipleactions" tests="1" failures="0" timestamp="5 Dec 2016 05:13:42 GMT" time="21.773" errors="0">
  <testcase name="SetUp1" time="21.773" classname="testng111.multipleactions111$multipleactions"/>
</testsuite> <!-- testng111.multipleactions111$multipleactions -->
