<?xml version="1.0" encoding="UTF-8"?>
<!-- Generated by org.testng.reporters.JUnitReportReporter -->
<testsuite hostname="dell" name="testng111.confirmationalert" tests="1" failures="0" timestamp="2 Nov 2016 18:50:34 GMT" time="19.374" errors="0">
  <testcase name="Setup" time="19.374" classname="testng111.confirmationalert"/>
</testsuite> <!-- testng111.confirmationalert -->
