<?xml version="1.0" encoding="UTF-8"?>
<!-- Generated by org.testng.reporters.JUnitReportReporter -->
<testsuite hostname="dell" name="testng.Page1" tests="1" failures="0" timestamp="4 Oct 2016 07:57:31 GMT" time="30.785" errors="0">
  <testcase name="testLogin" time="30.785" classname="testng.Page1"/>
</testsuite> <!-- testng.Page1 -->
