<?xml version="1.0" encoding="UTF-8"?>
<!-- Generated by org.testng.reporters.JUnitReportReporter -->
<testsuite hostname="dell" name="testng.mousekw" tests="1" failures="0" timestamp="21 Sep 2016 05:38:44 GMT" time="53.044" errors="0">
  <testcase name="setUp" time="53.044" classname="testng.mousekw"/>
</testsuite> <!-- testng.mousekw -->
