<?xml version="1.0" encoding="UTF-8"?>
<!-- Generated by org.testng.reporters.JUnitReportReporter -->
<testsuite hostname="dell" name="testng.flipkartkeybord" tests="1" failures="0" timestamp="19 Sep 2016 22:50:25 GMT" time="26.799" errors="0">
  <testcase name="setUp" time="26.799" classname="testng.flipkartkeybord"/>
</testsuite> <!-- testng.flipkartkeybord -->
