<?xml version="1.0" encoding="UTF-8"?>
<!-- Generated by org.testng.reporters.JUnitReportReporter -->
<testsuite hostname="dell" name="testng111.practisemulti" tests="1" failures="0" timestamp="3 Nov 2016 06:10:33 GMT" time="21.211" errors="0">
  <testcase name="SetUp1" time="21.211" classname="testng111.practisemulti"/>
</testsuite> <!-- testng111.practisemulti -->
