<?xml version="1.0" encoding="UTF-8"?>
<!-- Generated by org.testng.reporters.JUnitReportReporter -->
<testsuite hostname="dell" name="testng.excelwriting" tests="1" failures="0" timestamp="25 Sep 2016 17:05:05 GMT" time="0.243" errors="0">
  <testcase name="SetUp1" time="0.243" classname="testng.excelwriting"/>
</testsuite> <!-- testng.excelwriting -->
