<?xml version="1.0" encoding="UTF-8"?>
<!-- Generated by org.testng.reporters.JUnitReportReporter -->
<testsuite hostname="dell" name="testng111.linksdemo" tests="1" failures="0" timestamp="5 Nov 2016 11:10:49 GMT" time="19.504" errors="0">
  <testcase name="Setup1" time="19.504" classname="testng111.linksdemo"/>
</testsuite> <!-- testng111.linksdemo -->
