<?xml version="1.0" encoding="UTF-8"?>
<!-- Generated by org.testng.reporters.JUnitReportReporter -->
<testsuite hostname="dell" name="testng111.poiimport" tests="1" failures="0" timestamp="30 Nov 2016 23:17:02 GMT" time="48.242" errors="0">
  <testcase name="SetUp" time="48.242" classname="testng111.poiimport"/>
</testsuite> <!-- testng111.poiimport -->
