<?xml version="1.0" encoding="UTF-8"?>
<!-- Generated by org.testng.reporters.JUnitReportReporter -->
<testsuite hostname="dell" name="testng11.tab" tests="1" failures="0" timestamp="3 Dec 2016 13:28:33 GMT" time="30.003" errors="0">
  <testcase name="SetUPP" time="30.003" classname="testng11.tab"/>
</testsuite> <!-- testng11.tab -->
