<?xml version="1.0" encoding="UTF-8"?>
<!-- Generated by org.testng.reporters.JUnitReportReporter -->
<testsuite hostname="dell" name="testng111.jxldemo" tests="1" failures="0" timestamp="5 Dec 2016 06:28:46 GMT" time="16.355" errors="0">
  <testcase name="SetUp" time="16.355" classname="testng111.jxldemo"/>
</testsuite> <!-- testng111.jxldemo -->
