<?xml version="1.0" encoding="UTF-8"?>
<!-- Generated by org.testng.reporters.JUnitReportReporter -->
<testsuite hostname="dell" name="testng111.mouse1" tests="1" failures="0" timestamp="25 Oct 2016 05:35:30 GMT" time="40.051" errors="0">
  <testcase name="SetUp" time="40.051" classname="testng111.mouse1"/>
</testsuite> <!-- testng111.mouse1 -->
