<?xml version="1.0" encoding="UTF-8"?>
<!-- Generated by org.testng.reporters.JUnitReportReporter -->
<testsuite hostname="dell" name="testng111.autocomplete11" tests="1" failures="0" timestamp="14 Nov 2016 02:36:37 GMT" time="48.795" errors="0">
  <testcase name="Setup1" time="48.795" classname="testng111.autocomplete11"/>
</testsuite> <!-- testng111.autocomplete11 -->
