<?xml version="1.0" encoding="UTF-8"?>
<!-- Generated by org.testng.reporters.JUnitReportReporter -->
<testsuite hostname="dell" name="testng111.onlysoursedrag" tests="1" failures="0" timestamp="25 Oct 2016 07:32:02 GMT" time="29.050" errors="0">
  <testcase name="SetUp" time="29.050" classname="testng111.onlysoursedrag"/>
</testsuite> <!-- testng111.onlysoursedrag -->
