<?xml version="1.0" encoding="UTF-8"?>
<!-- Generated by org.testng.reporters.JUnitReportReporter -->
<testsuite hostname="dell" name="testng111.newtab" tests="1" failures="0" timestamp="3 Dec 2016 08:19:49 GMT" time="25.882" errors="0">
  <testcase name="Setup" time="25.882" classname="testng111.newtab"/>
</testsuite> <!-- testng111.newtab -->
