<?xml version="1.0" encoding="UTF-8"?>
<!-- Generated by org.testng.reporters.JUnitReportReporter -->
<testsuite hostname="dell" name="testng111.Actions11" tests="1" failures="0" timestamp="30 Nov 2016 23:51:25 GMT" time="22.623" errors="0">
  <testcase name="Setup1" time="22.623" classname="testng111.Actions11"/>
</testsuite> <!-- testng111.Actions11 -->
