<?xml version="1.0" encoding="UTF-8"?>
<!-- Generated by org.testng.reporters.JUnitReportReporter -->
<testsuite hostname="dell" name="testng.gmailexcel" tests="1" failures="0" timestamp="25 Sep 2016 16:52:06 GMT" time="0.245" errors="0">
  <testcase name="SetUp1" time="0.245" classname="testng.gmailexcel"/>
</testsuite> <!-- testng.gmailexcel -->
