<?xml version="1.0" encoding="UTF-8"?>
<!-- Generated by org.testng.reporters.JUnitReportReporter -->
<testsuite hostname="dell" name="testng111.screenshotpass" tests="1" failures="0" timestamp="26 Nov 2016 19:08:12 GMT" time="15.456" errors="0">
  <testcase name="SetUp" time="15.456" classname="testng111.screenshotpass"/>
</testsuite> <!-- testng111.screenshotpass -->
