<?xml version="1.0" encoding="UTF-8"?>
<!-- Generated by org.testng.reporters.JUnitReportReporter -->
<testsuite hostname="dell" name="testng111.cuopons" tests="1" failures="0" timestamp="24 Oct 2016 06:10:48 GMT" time="36.065" errors="0">
  <testcase name="SetUp1" time="36.065" classname="testng111.cuopons"/>
</testsuite> <!-- testng111.cuopons -->
