<?xml version="1.0" encoding="UTF-8"?>
<!-- Generated by org.testng.reporters.JUnitReportReporter -->
<testsuite hostname="dell" name="testng.newtab11" tests="2" failures="0" timestamp="4 Oct 2016 08:23:30 GMT" time="60.965" errors="0">
  <testcase name="setUp" time="24.681" classname="testng.newtab11"/>
  <testcase name="setUp" time="36.284" classname="testng.newtab11"/>
</testsuite> <!-- testng.newtab11 -->
