<?xml version="1.0" encoding="UTF-8"?>
<!-- Generated by org.testng.reporters.JUnitReportReporter -->
<testsuite hostname="dell" name="testng11.tab1" tests="1" failures="0" timestamp="3 Dec 2016 13:48:55 GMT" time="22.294" errors="0">
  <testcase name="SetUp1" time="22.294" classname="testng11.tab1"/>
</testsuite> <!-- testng11.tab1 -->
