<?xml version="1.0" encoding="UTF-8"?>
<!-- Generated by org.testng.reporters.JUnitReportReporter -->
<testsuite hostname="dell" name="testng111.webtable2222" tests="1" failures="0" timestamp="5 Dec 2016 00:10:47 GMT" time="23.178" errors="0">
  <testcase name="Setup1" time="23.178" classname="testng111.webtable2222"/>
</testsuite> <!-- testng111.webtable2222 -->
