<?xml version="1.0" encoding="UTF-8"?>
<!-- Generated by org.testng.reporters.JUnitReportReporter -->
<testsuite hostname="dell" name="testng11.frame" tests="1" failures="0" timestamp="11 Oct 2016 23:36:17 GMT" time="60.867" errors="0">
  <testcase name="SetUp" time="60.867" classname="testng11.frame"/>
</testsuite> <!-- testng11.frame -->
