<?xml version="1.0" encoding="UTF-8"?>
<!-- Generated by org.testng.reporters.JUnitReportReporter -->
<testsuite hostname="dell" name="testng11.jquerytab" tests="1" failures="0" timestamp="11 Oct 2016 23:36:17 GMT" time="23.987" errors="0">
  <testcase name="Setup1" time="23.987" classname="testng11.jquerytab"/>
</testsuite> <!-- testng11.jquerytab -->
